<?xml version="1.0" encoding="UTF-8"?>
<!-- Generated by org.testng.reporters.JUnitReportReporter -->
<testsuite hostname="LAPTOP-NODR76HM" failures="0" tests="3" name="Scripts.User.testUserDeletePost" time="9.400" errors="0" timestamp="2022-03-20T12:53:30 IST" skipped="0">
  <testcase classname="Scripts.User.testUserDeletePost" name="launchApp" time="0.734"/>
  <system-out/>
  <testcase classname="Scripts.User.testUserDeletePost" name="verifyValidLogin" time="0.457"/>
  <system-out/>
  <testcase classname="Scripts.User.testUserDeletePost" name="deleteUserogin" time="8.209"/>
  <system-out/>
</testsuite> <!-- Scripts.User.testUserDeletePost -->
