<?xml version="1.0" encoding="UTF-8"?>
<!-- Generated by org.testng.reporters.JUnitReportReporter -->
<testsuite hostname="Naveens-MacBook-Air.local" failures="0" tests="1" name="Scripts.TestHomePage" time="3.336" errors="0" timestamp="2022-03-20T14:27:56 IST" skipped="0">
  <testcase classname="Scripts.TestHomePage" name="verifyHomePageLogo" time="3.336"/>
  <system-out/>
</testsuite> <!-- Scripts.TestHomePage -->
