<?xml version="1.0" encoding="UTF-8"?>
<!-- Generated by org.testng.reporters.JUnitReportReporter -->
<testsuite hostname="Naveens-MacBook-Air.local" failures="0" tests="5" name="Scripts.Trainer.TestTrainerSignup" time="2.944" errors="0" timestamp="2022-03-20T14:27:56 IST" skipped="0">
  <testcase classname="Scripts.Trainer.TestTrainerSignup" name="verifySignUpWithAlreadyCreatedAccount" time="1.885"/>
  <system-out/>
  <testcase classname="Scripts.Trainer.TestTrainerSignup" name="verifySignUpWithInvalidUserNameInvalidPassword" time="0.303"/>
  <system-out/>
  <testcase classname="Scripts.Trainer.TestTrainerSignup" name="verifyQualificationForTrainerAccount" time="0.217"/>
  <system-out/>
  <testcase classname="Scripts.Trainer.TestTrainerSignup" name="findNoOfElementsInSignUpForTrainer" time="0.033"/>
  <system-out/>
  <testcase classname="Scripts.Trainer.TestTrainerSignup" name="verifyValidSignUp" time="0.506"/>
  <system-out/>
</testsuite> <!-- Scripts.Trainer.TestTrainerSignup -->
