<?xml version="1.0" encoding="UTF-8"?>
<!-- Generated by org.testng.reporters.JUnitReportReporter -->
<testsuite hostname="Naveens-MacBook-Air.local" failures="0" tests="6" name="Scripts.Trainer.TestTrainerLogin" time="4.021" errors="0" timestamp="2022-03-20T14:27:56 IST" skipped="0">
  <testcase classname="Scripts.Trainer.TestTrainerLogin" name="verifyLoginWithoutUsernameWithoutPassword" time="1.458"/>
  <system-out/>
  <testcase classname="Scripts.Trainer.TestTrainerLogin" name="verifyValidUserWithoutPassword" time="1.072"/>
  <system-out/>
  <testcase classname="Scripts.Trainer.TestTrainerLogin" name="verifyInvalidUserInvalidPassword" time="0.325"/>
  <system-out/>
  <testcase classname="Scripts.Trainer.TestTrainerLogin" name="verifyValidUserInvalidPassword" time="0.340"/>
  <system-out/>
  <testcase classname="Scripts.Trainer.TestTrainerLogin" name="findNoOfElementsInLoginPage" time="0.363"/>
  <system-out/>
  <testcase classname="Scripts.Trainer.TestTrainerLogin" name="verifyValidLogin" time="0.463"/>
  <system-out/>
</testsuite> <!-- Scripts.Trainer.TestTrainerLogin -->
