<?xml version="1.0" encoding="UTF-8"?>
<!-- Generated by org.testng.reporters.JUnitReportReporter -->
<testsuite hostname="DESKTOP-2RSQUL4" failures="0" tests="6" name="Scripts.Admin.TestAdminAddNewPost" time="21.895" errors="0" timestamp="2022-03-20T14:55:11 GST" skipped="0">
  <testcase classname="Scripts.Admin.TestAdminAddNewPost" name="VerifyAddnewPostWithBlanKdATA" time="2.782"/>
  <system-out/>
  <testcase classname="Scripts.Admin.TestAdminAddNewPost" name="VerifyAddnewPost" time="2.261"/>
  <system-out/>
  <testcase classname="Scripts.Admin.TestAdminAddNewPost" name="VerifyEditNewPostInHomepageInvalidData" time="5.621"/>
  <system-out/>
  <testcase classname="Scripts.Admin.TestAdminAddNewPost" name="VerifyEditNewPostInHomepage" time="9.001"/>
  <system-out/>
  <testcase classname="Scripts.Admin.TestAdminAddNewPost" name="VerifyDeletePostInHomepage" time="2.135"/>
  <system-out/>
  <testcase classname="Scripts.Admin.TestAdminAddNewPost" name="VerifyTotalElements" time="0.095"/>
  <system-out/>
</testsuite> <!-- Scripts.Admin.TestAdminAddNewPost -->
