<?xml version="1.0" encoding="UTF-8"?>
<!-- Generated by org.testng.reporters.JUnitReportReporter -->
<testsuite hostname="LAPTOP-NODR76HM" failures="0" tests="3" name="Scripts.TestSignup" time="6.261" errors="0" timestamp="2022-03-19T09:13:45 IST" skipped="1">
  <testcase classname="Scripts.TestSignup" name="launchApp" time="0.538"/>
  <system-out/>
  <testcase classname="Scripts.TestSignup" name="newUser" time="5.723"/>
  <system-out>
    <![CDATA[---New user clicked ---]]>
  </system-out>
  <testcase classname="Scripts.TestSignup" name="getText">
    <skipped/>
  </testcase> <!-- getText -->
  <system-out/>
</testsuite> <!-- Scripts.TestSignup -->
