<?xml version="1.0" encoding="UTF-8"?>
<!-- Generated by org.testng.reporters.JUnitReportReporter -->
<testsuite hostname="LAPTOP-NODR76HM" failures="0" tests="5" name="Scripts.User.testUserLogin" time="3.916" errors="0" timestamp="2022-03-20T12:53:30 IST" skipped="0">
  <testcase classname="Scripts.User.testUserLogin" name="launchApp" time="0.763"/>
  <system-out/>
  <testcase classname="Scripts.User.testUserLogin" name="verifyInValidLoginWithInavalidPassword" time="1.034"/>
  <system-out/>
  <testcase classname="Scripts.User.testUserLogin" name="verifyInValidLoginWithInvalidEmail" time="0.837"/>
  <system-out/>
  <testcase classname="Scripts.User.testUserLogin" name="verifyLoginWithSpecialCharecter" time="0.872"/>
  <system-out/>
  <testcase classname="Scripts.User.testUserLogin" name="verifyValidLogin" time="0.410"/>
  <system-out/>
</testsuite> <!-- Scripts.User.testUserLogin -->
