<?xml version="1.0" encoding="UTF-8"?>
<!-- Generated by org.testng.reporters.JUnitReportReporter -->
<testsuite hostname="LAPTOP-NODR76HM" failures="0" tests="1" name="Scripts.LoginScripts" time="0.015" errors="0" timestamp="2022-03-08T07:03:40 IST" skipped="0">
  <testcase classname="Scripts.LoginScripts" name="verifyValidLogin" time="0.015"/>
  <system-out>
    <![CDATA[---Start Application---
---end Application:Login submitted---]]>
  </system-out>
</testsuite> <!-- Scripts.LoginScripts -->
