<?xml version="1.0" encoding="UTF-8"?>
<!-- Generated by org.testng.reporters.JUnitReportReporter -->
<testsuite hostname="Naveens-MacBook-Air.local" failures="0" tests="1" name="Scripts.Trainer.TestTrainerDeleteMyPost" time="5.976" errors="0" timestamp="2022-03-09T01:56:07 IST" skipped="0">
  <testcase classname="Scripts.Trainer.TestTrainerDeleteMyPost" name="deletePost" time="5.976"/>
  <system-out/>
</testsuite> <!-- Scripts.Trainer.TestTrainerDeleteMyPost -->
