<?xml version="1.0" encoding="UTF-8"?>
<!-- Generated by org.testng.reporters.JUnitReportReporter -->
<testsuite hostname="Naveens-MacBook-Air.local" failures="0" tests="5" name="Scripts.Trainer.TestTrainerSignup" time="41.269" errors="0" timestamp="2022-03-09T01:56:07 IST" skipped="0">
  <testcase classname="Scripts.Trainer.TestTrainerSignup" name="verifySignUpWithAlreadyCreatedAccount" time="3.686"/>
  <system-out/>
  <testcase classname="Scripts.Trainer.TestTrainerSignup" name="verifySignUpWithInvalidUserNameInvalidPassword" time="0.272"/>
  <system-out/>
  <testcase classname="Scripts.Trainer.TestTrainerSignup" name="verifyQualificationForTrainerAccount" time="0.155"/>
  <system-out/>
  <testcase classname="Scripts.Trainer.TestTrainerSignup" name="verifyNoQualificationForUserAccount" time="30.299"/>
  <system-out/>
  <testcase classname="Scripts.Trainer.TestTrainerSignup" name="verifyValidSignUp" time="6.857"/>
  <system-out/>
</testsuite> <!-- Scripts.Trainer.TestTrainerSignup -->
