<?xml version="1.0" encoding="UTF-8"?>
<!-- Generated by org.testng.reporters.JUnitReportReporter -->
<testsuite hostname="Naveens-MacBook-Air.local" failures="0" tests="10" name="Scripts.TestContactUs" time="63.632" errors="0" timestamp="2022-03-09T15:57:04 IST" skipped="0">
  <testcase classname="Scripts.TestContactUs" name="verifyHomePageLogo" time="3.116"/>
  <system-out/>
  <testcase classname="Scripts.TestContactUs" name="verifyContactUsTitle" time="6.452"/>
  <system-out/>
  <testcase classname="Scripts.TestContactUs" name="verifyContactUsForm" time="9.360"/>
  <system-out/>
  <testcase classname="Scripts.TestContactUs" name="verifySendMessageWithoutName" time="9.207"/>
  <system-out/>
  <testcase classname="Scripts.TestContactUs" name="verifySendMessageWithoutEmail" time="6.114"/>
  <system-out/>
  <testcase classname="Scripts.TestContactUs" name="verifyContactlistItemsArePresent" time="3.097"/>
  <system-out/>
  <testcase classname="Scripts.TestContactUs" name="verifyTextInFooter" time="3.071"/>
  <system-out/>
  <testcase classname="Scripts.TestContactUs" name="verifySocialMediaImagesArePresent" time="3.099"/>
  <system-out/>
  <testcase classname="Scripts.TestContactUs" name="verifyContactListItemsArePresent" time="3.067"/>
  <system-out/>
  <testcase classname="Scripts.TestContactUs" name="verifyFooterLinks" time="17.049"/>
  <system-out/>
</testsuite> <!-- Scripts.TestContactUs -->
