<?xml version="1.0" encoding="UTF-8"?>
<!-- Generated by org.testng.reporters.JUnitReportReporter -->
<testsuite hostname="Naveens-MacBook-Air.local" failures="0" tests="2" name="Scripts.TestHomePage" time="4.046" errors="0" timestamp="2022-03-08T22:52:40 IST" skipped="0">
  <testcase classname="Scripts.TestHomePage" name="verifyHomePageLogo" time="3.080"/>
  <system-out/>
  <testcase classname="Scripts.TestHomePage" name="categorydropdown" time="0.966"/>
  <system-out/>
</testsuite> <!-- Scripts.TestHomePage -->
