<?xml version="1.0" encoding="UTF-8"?>
<!-- Generated by org.testng.reporters.JUnitReportReporter -->
<testsuite hostname="Naveens-MacBook-Air.local" failures="0" tests="5" name="Scripts.Trainer.TestTrainerLogin" time="33.125" errors="0" timestamp="2022-03-09T01:56:07 IST" skipped="0">
  <testcase classname="Scripts.Trainer.TestTrainerLogin" name="verifyLoginWithoutUsernameWithoutPassword" time="7.225"/>
  <system-out/>
  <testcase classname="Scripts.Trainer.TestTrainerLogin" name="verifyValidUserWithoutPassword" time="6.851"/>
  <system-out/>
  <testcase classname="Scripts.Trainer.TestTrainerLogin" name="verifyInvalidUserInvalidPassword" time="3.243"/>
  <system-out/>
  <testcase classname="Scripts.Trainer.TestTrainerLogin" name="verifyValidUserInvalidPassword" time="3.326"/>
  <system-out/>
  <testcase classname="Scripts.Trainer.TestTrainerLogin" name="verifyValidLogin" time="12.480"/>
  <system-out/>
</testsuite> <!-- Scripts.Trainer.TestTrainerLogin -->
