<?xml version="1.0" encoding="UTF-8"?>
<!-- Generated by org.testng.reporters.JUnitReportReporter -->
<testsuite hostname="DESKTOP-C2TRKQ0" failures="0" tests="2" name="com.Techblog1.scripts.LoginPageTest" time="11.889" errors="0" timestamp="2022-03-20T16:39:23 IST" skipped="0">
  <testcase classname="com.Techblog1.scripts.LoginPageTest" name="verifyLogin" time="8.458"/>
  <system-out/>
  <testcase classname="com.Techblog1.scripts.LoginPageTest" name="verifySignup" time="3.431"/>
  <system-out/>
</testsuite> <!-- com.Techblog1.scripts.LoginPageTest -->
