<?xml version="1.0" encoding="UTF-8"?>
<!-- Generated by org.testng.reporters.JUnitReportReporter -->
<testsuite hostname="DESKTOP-C2TRKQ0" failures="0" tests="1" name="com.Techblog1.scripts.AboutUsPageTest" time="2.186" errors="0" timestamp="2022-03-20T16:39:24 IST" skipped="0">
  <testcase classname="com.Techblog1.scripts.AboutUsPageTest" name="verifyAboutUsTitle" time="2.186"/>
  <system-out/>
</testsuite> <!-- com.Techblog1.scripts.AboutUsPageTest -->
