<?xml version="1.0" encoding="UTF-8"?>
<!-- Generated by org.testng.reporters.JUnitReportReporter -->
<testsuite hostname="DESKTOP-2RSQUL4" failures="0" tests="3" name="Scripts.Admin.TestAdminMyPostPage" time="12.937" errors="0" timestamp="2022-03-20T14:55:11 GST" skipped="0">
  <testcase classname="Scripts.Admin.TestAdminMyPostPage" name="VerifyEditNewPostInMyPostpage" time="6.219"/>
  <system-out/>
  <testcase classname="Scripts.Admin.TestAdminMyPostPage" name="VerifyEditNewPostInMyPostpageINVALIDATA" time="5.469"/>
  <system-out/>
  <testcase classname="Scripts.Admin.TestAdminMyPostPage" name="VerifyDeletePostInMyPostpage" time="1.249"/>
  <system-out/>
</testsuite> <!-- Scripts.Admin.TestAdminMyPostPage -->
