<?xml version="1.0" encoding="UTF-8"?>
<!-- Generated by org.testng.reporters.JUnitReportReporter -->
<testsuite hostname="DESKTOP-2RSQUL4" failures="0" tests="4" name="Scripts.Admin.AddRemoveCategory" time="35.893" errors="0" timestamp="2022-03-20T14:55:11 GST" skipped="0">
  <testcase classname="Scripts.Admin.AddRemoveCategory" name="AddCategoryValidData" time="18.817"/>
  <system-out/>
  <testcase classname="Scripts.Admin.AddRemoveCategory" name="AddCategoryInVaildData" time="5.939"/>
  <system-out/>
  <testcase classname="Scripts.Admin.AddRemoveCategory" name="AddCategoryAlreadyExists" time="5.912"/>
  <system-out/>
  <testcase classname="Scripts.Admin.AddRemoveCategory" name="RemoveCategory" time="5.225"/>
  <system-out/>
</testsuite> <!-- Scripts.Admin.AddRemoveCategory -->
