<?xml version="1.0" encoding="UTF-8"?>
<!-- Generated by org.testng.reporters.JUnitReportReporter -->
<testsuite hostname="DESKTOP-2RSQUL4" failures="0" tests="6" name="Scripts.Admin.TestAdminLogin" time="12.005" errors="0" timestamp="2022-03-20T14:55:11 GST" skipped="0">
  <testcase classname="Scripts.Admin.TestAdminLogin" name="VerifyInvalidUsernamePassword" time="6.224"/>
  <system-out/>
  <testcase classname="Scripts.Admin.TestAdminLogin" name="VerifyInvalidUsernameValidPassword" time="1.808"/>
  <system-out/>
  <testcase classname="Scripts.Admin.TestAdminLogin" name="VerifyValidUsernameInvalidPassword" time="1.638"/>
  <system-out/>
  <testcase classname="Scripts.Admin.TestAdminLogin" name="VerifyBlankUsernamePassword" time="0.679"/>
  <system-out/>
  <testcase classname="Scripts.Admin.TestAdminLogin" name="VerifyLoginAsAdmin" time="1.486"/>
  <system-out/>
  <testcase classname="Scripts.Admin.TestAdminLogin" name="VerifyTotalElementsLoginPage" time="0.170"/>
  <system-out/>
</testsuite> <!-- Scripts.Admin.TestAdminLogin -->
