<?xml version="1.0" encoding="UTF-8"?>
<!-- Generated by org.testng.reporters.JUnitReportReporter -->
<testsuite hostname="DESKTOP-2RSQUL4" failures="0" tests="3" name="Scripts.Admin.TestPostApprovalAndReject" time="20.477" errors="0" timestamp="2022-03-20T14:55:11 GST" skipped="0">
  <testcase classname="Scripts.Admin.TestPostApprovalAndReject" name="VerifyLoginAsUser" time="2.075"/>
  <system-out/>
  <testcase classname="Scripts.Admin.TestPostApprovalAndReject" name="VerifyPostApproval" time="13.150"/>
  <system-out/>
  <testcase classname="Scripts.Admin.TestPostApprovalAndReject" name="VerifyPostReject" time="5.252"/>
  <system-out/>
</testsuite> <!-- Scripts.Admin.TestPostApprovalAndReject -->
