<?xml version="1.0" encoding="UTF-8"?>
<!-- Generated by org.testng.reporters.JUnitReportReporter -->
<testsuite hostname="LAPTOP-NODR76HM" failures="0" tests="2" name="Scripts.Admin.testAdminDelete" time="10.354" errors="0" timestamp="2022-03-20T12:53:30 IST" skipped="0">
  <testcase classname="Scripts.Admin.testAdminDelete" name="launchApp" time="0.190"/>
  <system-out/>
  <testcase classname="Scripts.Admin.testAdminDelete" name="deletePosts" time="10.164"/>
  <system-out/>
</testsuite> <!-- Scripts.Admin.testAdminDelete -->
