<?xml version="1.0" encoding="UTF-8"?>
<!-- Generated by org.testng.reporters.JUnitReportReporter -->
<testsuite hostname="LAPTOP-NODR76HM" failures="0" tests="4" name="Scripts.Admin.testAdminLogin" time="10.742" errors="0" timestamp="2022-03-20T12:53:30 IST" skipped="0">
  <testcase classname="Scripts.Admin.testAdminLogin" name="launchApp" time="0.467"/>
  <system-out/>
  <testcase classname="Scripts.Admin.testAdminLogin" name="verifyInValidLoginWithInvalidEmail" time="2.547"/>
  <system-out/>
  <testcase classname="Scripts.Admin.testAdminLogin" name="verifyInValidLoginWithInavalidPassword" time="3.366"/>
  <system-out/>
  <testcase classname="Scripts.Admin.testAdminLogin" name="verifyValidLogin" time="4.362"/>
  <system-out/>
</testsuite> <!-- Scripts.Admin.testAdminLogin -->
