<?xml version="1.0" encoding="UTF-8"?>
<!-- Generated by org.testng.reporters.JUnitReportReporter -->
<testsuite hostname="Naveens-MacBook-Air.local" failures="0" tests="1" name="Scripts.Trainer.TestTrainerSortPostByCategory" time="3.825" errors="0" timestamp="2022-03-20T14:27:56 IST" skipped="0">
  <testcase classname="Scripts.Trainer.TestTrainerSortPostByCategory" name="validatePostByCategory" time="3.825"/>
  <system-out/>
</testsuite> <!-- Scripts.Trainer.TestTrainerSortPostByCategory -->
