<?xml version="1.0" encoding="UTF-8"?>
<!-- Generated by org.testng.reporters.JUnitReportReporter -->
<testsuite hostname="Naveens-MacBook-Air.local" failures="0" tests="2" name="Scripts.Trainer.TestTrainerEditMyPost" time="21.859" errors="0" timestamp="2022-03-20T14:27:56 IST" skipped="0">
  <testcase classname="Scripts.Trainer.TestTrainerEditMyPost" name="verifyEditMyPost" time="10.950"/>
  <system-out/>
  <testcase classname="Scripts.Trainer.TestTrainerEditMyPost" name="verifyEditMyPostWithInvalidData" time="10.909"/>
  <system-out/>
</testsuite> <!-- Scripts.Trainer.TestTrainerEditMyPost -->
