<?xml version="1.0" encoding="UTF-8"?>
<!-- Generated by org.testng.reporters.JUnitReportReporter -->
<testsuite hostname="Naveens-MacBook-Air.local" failures="0" tests="11" name="Scripts.TestContactUs" time="6.860" errors="0" timestamp="2022-03-20T14:27:56 IST" skipped="0">
  <testcase classname="Scripts.TestContactUs" name="verifyHomePageLogo" time="0.390"/>
  <system-out/>
  <testcase classname="Scripts.TestContactUs" name="verifyContactUsTitle" time="1.556"/>
  <system-out/>
  <testcase classname="Scripts.TestContactUs" name="verifyContactUsForm" time="0.275"/>
  <system-out/>
  <testcase classname="Scripts.TestContactUs" name="verifySendMessageWithoutName" time="0.174"/>
  <system-out/>
  <testcase classname="Scripts.TestContactUs" name="verifySendMessageWithoutEmail" time="0.209"/>
  <system-out/>
  <testcase classname="Scripts.TestContactUs" name="verifyContactlistItemsArePresent" time="0.065"/>
  <system-out/>
  <testcase classname="Scripts.TestContactUs" name="verifyTextInFooter" time="0.059"/>
  <system-out/>
  <testcase classname="Scripts.TestContactUs" name="verifySocialMediaImagesArePresent" time="0.110"/>
  <system-out/>
  <testcase classname="Scripts.TestContactUs" name="verifyContactListItemsArePresent" time="0.060"/>
  <system-out/>
  <testcase classname="Scripts.TestContactUs" name="verifyNoOfElementsInContactForm" time="0.029"/>
  <system-out/>
  <testcase classname="Scripts.TestContactUs" name="verifyFooterLinks" time="3.933"/>
  <system-out/>
</testsuite> <!-- Scripts.TestContactUs -->
