<?xml version="1.0" encoding="UTF-8"?>
<!-- Generated by org.testng.reporters.JUnitReportReporter -->
<testsuite hostname="Naveens-MacBook-Air.local" failures="0" tests="3" name="Scripts.Trainer.TestTrainerNewPost" time="3.646" errors="0" timestamp="2022-03-20T14:27:56 IST" skipped="0">
  <testcase classname="Scripts.Trainer.TestTrainerNewPost" name="addingNewPost" time="3.226"/>
  <system-out/>
  <testcase classname="Scripts.Trainer.TestTrainerNewPost" name="addNewPostWithInvalidData" time="0.407"/>
  <system-out/>
  <testcase classname="Scripts.Trainer.TestTrainerNewPost" name="findNoOfElementsInNewPostPage" time="0.013"/>
  <system-out/>
</testsuite> <!-- Scripts.Trainer.TestTrainerNewPost -->
