<?xml version="1.0" encoding="UTF-8"?>
<!-- Generated by org.testng.reporters.JUnitReportReporter -->
<testsuite hostname="Naveens-MacBook-Air.local" failures="0" tests="1" name="Scripts.Trainer.TestTrainerDeletePostInAdmin" time="23.577" errors="0" timestamp="2022-03-20T14:27:56 IST" skipped="0">
  <testcase classname="Scripts.Trainer.TestTrainerDeletePostInAdmin" name="deleteTrainerPostByAdminLogin" time="23.577"/>
  <system-out/>
</testsuite> <!-- Scripts.Trainer.TestTrainerDeletePostInAdmin -->
